<?xml version="1.0" encoding="UTF-8"?>
<!-- Generated by org.testng.reporters.JUnitReportReporter -->
<testsuite hostname="DESKTOP-4JVPPEU" failures="0" tests="1" name="testcases.Register_TC" time="4.826" errors="0" timestamp="2022-11-27T12:15:17 IST" skipped="0">
  <testcase classname="testcases.Register_TC" name="reg" time="4.826"/>
  <system-out/>
</testsuite> <!-- testcases.Register_TC -->
