<?xml version="1.0" encoding="UTF-8"?>
<!-- Generated by org.testng.reporters.JUnitReportReporter -->
<testsuite hostname="DESKTOP-4JVPPEU" failures="0" tests="3" name="testNG_basics.Chronological_Order_Of_Annotations" time="0.053" errors="0" timestamp="2022-11-09T13:03:08 IST" skipped="0">
  <testcase classname="testNG_basics.Chronological_Order_Of_Annotations" name="chutney" time="0.035"/>
  <system-out/>
  <testcase classname="testNG_basics.Chronological_Order_Of_Annotations" name="idly" time="0.008"/>
  <system-out/>
  <testcase classname="testNG_basics.Chronological_Order_Of_Annotations" name="raj" time="0.010"/>
  <system-out/>
</testsuite> <!-- testNG_basics.Chronological_Order_Of_Annotations -->
