<?xml version="1.0" encoding="UTF-8"?>
<!-- Generated by org.testng.reporters.JUnitReportReporter -->
<testsuite hostname="DESKTOP-4JVPPEU" failures="0" tests="1" name="testNG_basics.Working_With_Parameters" time="35.388" errors="0" timestamp="2022-11-27T13:42:46 IST" skipped="0">
  <testcase classname="testNG_basics.Working_With_Parameters" name="paralleldemo" time="35.388"/>
  <system-out/>
</testsuite> <!-- testNG_basics.Working_With_Parameters -->
