<?xml version="1.0" encoding="UTF-8"?>
<!-- Generated by org.testng.reporters.JUnitReportReporter -->
<testsuite hostname="DESKTOP-4JVPPEU" failures="0" tests="5" name="testNG_basics.Automating_DemoWebShop" time="60.214" errors="0" timestamp="2022-11-14T10:10:22 IST" skipped="0">
  <testcase classname="testNG_basics.Automating_DemoWebShop" name="demo" time="15.099"/>
  <system-out/>
  <testcase classname="testNG_basics.Automating_DemoWebShop" name="demo" time="11.738"/>
  <system-out/>
  <testcase classname="testNG_basics.Automating_DemoWebShop" name="demo" time="12.888"/>
  <system-out/>
  <testcase classname="testNG_basics.Automating_DemoWebShop" name="demo" time="9.436"/>
  <system-out/>
  <testcase classname="testNG_basics.Automating_DemoWebShop" name="demo" time="11.053"/>
  <system-out/>
</testsuite> <!-- testNG_basics.Automating_DemoWebShop -->
