<?xml version="1.0" encoding="UTF-8"?>
<!-- Generated by org.testng.reporters.JUnitReportReporter -->
<testsuite hostname="DESKTOP-4JVPPEU" failures="0" tests="2" name="testNG_basics.Working_With_Parallel_Execution_Search_DemoWebShop" time="170.503" errors="0" timestamp="2022-11-11T12:42:22 IST" skipped="0">
  <testcase classname="testNG_basics.Working_With_Parallel_Execution_Search_DemoWebShop" name="paralleldemo" time="85.671"/>
  <system-out/>
  <testcase classname="testNG_basics.Working_With_Parallel_Execution_Search_DemoWebShop" name="paralleldemo" time="84.832"/>
  <system-out/>
</testsuite> <!-- testNG_basics.Working_With_Parallel_Execution_Search_DemoWebShop -->
