<?xml version="1.0" encoding="UTF-8"?>
<!-- Generated by org.testng.reporters.JUnitReportReporter -->
<testsuite hostname="DESKTOP-4JVPPEU" failures="0" tests="5" name="testNG_basics.Iteration_With_DemoWebShopRegister" time="64.281" errors="0" timestamp="2022-11-11T18:01:21 IST" skipped="0">
  <testcase classname="testNG_basics.Iteration_With_DemoWebShopRegister" name="register" time="19.413"/>
  <system-out/>
  <testcase classname="testNG_basics.Iteration_With_DemoWebShopRegister" name="register" time="10.291"/>
  <system-out/>
  <testcase classname="testNG_basics.Iteration_With_DemoWebShopRegister" name="register" time="10.788"/>
  <system-out/>
  <testcase classname="testNG_basics.Iteration_With_DemoWebShopRegister" name="register" time="12.688"/>
  <system-out/>
  <testcase classname="testNG_basics.Iteration_With_DemoWebShopRegister" name="register" time="11.101"/>
  <system-out/>
</testsuite> <!-- testNG_basics.Iteration_With_DemoWebShopRegister -->
