<?xml version="1.0" encoding="UTF-8"?>
<!-- Generated by org.testng.reporters.JUnitReportReporter -->
<testsuite hostname="DESKTOP-4JVPPEU" failures="0" tests="1" name="testcases.Computers_Accessories" time="1.728" errors="0" timestamp="2022-11-27T12:15:17 IST" skipped="0">
  <testcase classname="testcases.Computers_Accessories" name="accessories" time="1.728"/>
  <system-out/>
</testsuite> <!-- testcases.Computers_Accessories -->
