<?xml version="1.0" encoding="UTF-8"?>
<!-- Generated by org.testng.reporters.JUnitReportReporter -->
<testsuite hostname="DESKTOP-4JVPPEU" failures="0" tests="6" name="testNG_basics.WorkingWith_Include_Exclude" time="0.068" errors="0" timestamp="2022-11-10T12:46:07 IST" skipped="0">
  <testcase classname="testNG_basics.WorkingWith_Include_Exclude" name="Login" time="0.033"/>
  <system-out/>
  <testcase classname="testNG_basics.WorkingWith_Include_Exclude" name="search" time="0.015"/>
  <system-out/>
  <testcase classname="testNG_basics.WorkingWith_Include_Exclude" name="Wishlist" time="0.003"/>
  <system-out/>
  <testcase classname="testNG_basics.WorkingWith_Include_Exclude" name="AddToCart" time="0.010"/>
  <system-out/>
  <testcase classname="testNG_basics.WorkingWith_Include_Exclude" name="Buy" time="0.004"/>
  <system-out/>
  <testcase classname="testNG_basics.WorkingWith_Include_Exclude" name="Logout" time="0.003"/>
  <system-out/>
</testsuite> <!-- testNG_basics.WorkingWith_Include_Exclude -->
