<?xml version="1.0" encoding="UTF-8"?>
<!-- Generated by org.testng.reporters.JUnitReportReporter -->
<testsuite hostname="DESKTOP-4JVPPEU" failures="0" tests="4" name="testNG_basics.Multiple_annotations_Methods" time="0.083" errors="0" timestamp="2022-11-09T12:23:05 IST" skipped="0">
  <testcase classname="testNG_basics.Multiple_annotations_Methods" name="MensWear" time="0.005"/>
  <system-out/>
  <testcase classname="testNG_basics.Multiple_annotations_Methods" name="LaptopShop" time="0.023"/>
  <system-out/>
  <testcase classname="testNG_basics.Multiple_annotations_Methods" name="Tyss" time="0.008"/>
  <system-out/>
  <testcase classname="testNG_basics.Multiple_annotations_Methods" name="BikeGarage" time="0.047"/>
  <system-out/>
</testsuite> <!-- testNG_basics.Multiple_annotations_Methods -->
