<?xml version="1.0" encoding="UTF-8"?>
<!-- Generated by org.testng.reporters.JUnitReportReporter -->
<testsuite hostname="DESKTOP-4JVPPEU" failures="0" tests="1" name="pom_testcases.DWS_Jewellery_Test" time="12.653" errors="0" timestamp="2022-11-21T15:39:07 IST" skipped="0">
  <testcase classname="pom_testcases.DWS_Jewellery_Test" name="TC03" time="12.653"/>
  <system-out/>
</testsuite> <!-- pom_testcases.DWS_Jewellery_Test -->
