<?xml version="1.0" encoding="UTF-8"?>
<!-- Generated by org.testng.reporters.JUnitReportReporter -->
<testsuite hostname="DESKTOP-4JVPPEU" failures="0" tests="2" name="Flipkart_Test_Cases._1_Login_Flipkart" time="2.988" errors="0" timestamp="2022-11-17T17:05:50 IST" skipped="0">
  <testcase classname="Flipkart_Test_Cases._1_Login_Flipkart" name="log" time="1.384"/>
  <system-out/>
  <testcase classname="Flipkart_Test_Cases._1_Login_Flipkart" name="log" time="1.604"/>
  <system-out/>
</testsuite> <!-- Flipkart_Test_Cases._1_Login_Flipkart -->
