<?xml version="1.0" encoding="UTF-8"?>
<!-- Generated by org.testng.reporters.JUnitReportReporter -->
<testsuite hostname="DESKTOP-4JVPPEU" failures="0" tests="7" name="testNG_basics.Working_with_Dependson_method" time="0.092" errors="0" timestamp="2022-11-10T11:05:27 IST" skipped="0">
  <testcase classname="testNG_basics.Working_with_Dependson_method" name="Search" time="0.006"/>
  <system-out/>
  <testcase classname="testNG_basics.Working_with_Dependson_method" name="Register" time="0.030"/>
  <system-out/>
  <testcase classname="testNG_basics.Working_with_Dependson_method" name="Login" time="0.038"/>
  <system-out/>
  <testcase classname="testNG_basics.Working_with_Dependson_method" name="AddToCart" time="0.006"/>
  <system-out/>
  <testcase classname="testNG_basics.Working_with_Dependson_method" name="Buy" time="0.007"/>
  <system-out/>
  <testcase classname="testNG_basics.Working_with_Dependson_method" name="Wishlist" time="0.003"/>
  <system-out/>
  <testcase classname="testNG_basics.Working_with_Dependson_method" name="Logout" time="0.002"/>
  <system-out/>
</testsuite> <!-- testNG_basics.Working_with_Dependson_method -->
