<?xml version="1.0" encoding="UTF-8"?>
<!-- Generated by org.testng.reporters.JUnitReportReporter -->
<testsuite hostname="DESKTOP-4JVPPEU" failures="0" tests="2" name="testNG_basics.Working_With_Paralle_Execution" time="36.216" errors="0" timestamp="2022-11-11T11:48:44 IST" skipped="0">
  <testcase classname="testNG_basics.Working_With_Paralle_Execution" name="paralleldemo" time="18.209"/>
  <system-out/>
  <testcase classname="testNG_basics.Working_With_Paralle_Execution" name="paralleldemo" time="18.007"/>
  <system-out/>
</testsuite> <!-- testNG_basics.Working_With_Paralle_Execution -->
