<?xml version="1.0" encoding="UTF-8"?>
<!-- Generated by org.testng.reporters.JUnitReportReporter -->
<testsuite hostname="DESKTOP-4JVPPEU" failures="0" tests="1" name="pom_testcases.DWS_Wishlist_Test" time="1.046" errors="0" timestamp="2022-11-21T15:35:46 IST" skipped="0">
  <testcase classname="pom_testcases.DWS_Wishlist_Test" name="TC05" time="1.046"/>
  <system-out/>
</testsuite> <!-- pom_testcases.DWS_Wishlist_Test -->
