<?xml version="1.0" encoding="UTF-8"?>
<!-- Generated by org.testng.reporters.JUnitReportReporter -->
<testsuite hostname="DESKTOP-4JVPPEU" failures="0" tests="1" name="testNG_basics.Working_With_Soft_Assertions" time="12.091" errors="0" timestamp="2022-11-27T11:16:33 IST" skipped="0">
  <testcase classname="testNG_basics.Working_With_Soft_Assertions" name="AssertionDemo" time="12.091"/>
  <system-out/>
</testsuite> <!-- testNG_basics.Working_With_Soft_Assertions -->
