<?xml version="1.0" encoding="UTF-8"?>
<!-- Generated by org.testng.reporters.JUnitReportReporter -->
<testsuite hostname="DESKTOP-4JVPPEU" failures="0" tests="1" name="pom_testcases.DWS_Facebook_Multiple_Window_Test" time="0.000" errors="0" timestamp="2022-11-21T15:35:46 IST" skipped="1">
  <testcase classname="pom_testcases.DWS_Facebook_Multiple_Window_Test" name="Tc12" time="0.000">
    <skipped/>
  </testcase> <!-- Tc12 -->
  <system-out/>
</testsuite> <!-- pom_testcases.DWS_Facebook_Multiple_Window_Test -->
