<?xml version="1.0" encoding="UTF-8"?>
<!-- Generated by org.testng.reporters.JUnitReportReporter -->
<testsuite hostname="DESKTOP-4JVPPEU" failures="0" tests="7" name="testNG_basics.Working_with_Prioity_method" time="0.068" errors="0" timestamp="2022-11-10T11:23:26 IST" skipped="0">
  <testcase classname="testNG_basics.Working_with_Prioity_method" name="Register" time="0.037"/>
  <system-out/>
  <testcase classname="testNG_basics.Working_with_Prioity_method" name="Login" time="0.008"/>
  <system-out/>
  <testcase classname="testNG_basics.Working_with_Prioity_method" name="search" time="0.003"/>
  <system-out/>
  <testcase classname="testNG_basics.Working_with_Prioity_method" name="Wishlist" time="0.010"/>
  <system-out/>
  <testcase classname="testNG_basics.Working_with_Prioity_method" name="AddToCart" time="0.003"/>
  <system-out/>
  <testcase classname="testNG_basics.Working_with_Prioity_method" name="Buy" time="0.004"/>
  <system-out/>
  <testcase classname="testNG_basics.Working_with_Prioity_method" name="Logout" time="0.003"/>
  <system-out/>
</testsuite> <!-- testNG_basics.Working_with_Prioity_method -->
