<?xml version="1.0" encoding="UTF-8"?>
<!-- Generated by org.testng.reporters.JUnitReportReporter -->
<testsuite hostname="DESKTOP-4JVPPEU" failures="0" tests="1" name="testNG_basics.Working_With_PropertyFile" time="0.044" errors="0" timestamp="2022-11-27T12:54:46 IST" skipped="0">
  <testcase classname="testNG_basics.Working_With_PropertyFile" name="propertydemo" time="0.044"/>
  <system-out/>
</testsuite> <!-- testNG_basics.Working_With_PropertyFile -->
