<?xml version="1.0" encoding="UTF-8"?>
<!-- Generated by org.testng.reporters.JUnitReportReporter -->
<testsuite hostname="DESKTOP-4JVPPEU" failures="0" tests="1" name="testcases.Search_TC" time="2.555" errors="0" timestamp="2022-11-27T12:15:17 IST" skipped="0">
  <testcase classname="testcases.Search_TC" name="demo" time="2.555"/>
  <system-out/>
</testsuite> <!-- testcases.Search_TC -->
