<?xml version="1.0" encoding="UTF-8"?>
<!-- Generated by org.testng.reporters.JUnitReportReporter -->
<testsuite hostname="DESKTOP-4JVPPEU" failures="0" tests="2" name="testNG_basics.CrossBrowserTest" time="51.835" errors="0" timestamp="2022-11-25T17:16:10 IST" skipped="0">
  <testcase classname="testNG_basics.CrossBrowserTest" name="crossBrowserDemo" time="32.698"/>
  <system-out/>
  <testcase classname="testNG_basics.CrossBrowserTest" name="crossBrowserDemo" time="19.137"/>
  <system-out/>
</testsuite> <!-- testNG_basics.CrossBrowserTest -->
