<?xml version="1.0" encoding="UTF-8"?>
<!-- Generated by org.testng.reporters.JUnitReportReporter -->
<testsuite hostname="DESKTOP-4JVPPEU" failures="0" tests="2" name="pom_testcases.DWS_Login_Test" time="5.651" errors="0" timestamp="2022-11-21T15:35:46 IST" skipped="0">
  <testcase classname="pom_testcases.DWS_Login_Test" name="TC01" time="2.985"/>
  <system-out/>
  <testcase classname="pom_testcases.DWS_Login_Test" name="TC01" time="2.666"/>
  <system-out/>
</testsuite> <!-- pom_testcases.DWS_Login_Test -->
