<?xml version="1.0" encoding="UTF-8"?>
<!-- Generated by org.testng.reporters.JUnitReportReporter -->
<testsuite hostname="DESKTOP-4JVPPEU" failures="0" tests="1" name="Working_With_Excel" time="2.786" errors="0" timestamp="2022-11-15T17:46:20 IST" skipped="0">
  <testcase classname="Working_With_Excel" name="exceldemo" time="2.786"/>
  <system-out/>
</testsuite> <!-- Working_With_Excel -->
