<?xml version="1.0" encoding="UTF-8"?>
<!-- Generated by org.testng.reporters.JUnitReportReporter -->
<testsuite hostname="DESKTOP-4JVPPEU" failures="0" tests="1" name="pom_testcases.DWS_Vote_Test" time="0.902" errors="0" timestamp="2022-11-21T15:49:33 IST" skipped="0">
  <testcase classname="pom_testcases.DWS_Vote_Test" name="DWS_vote" time="0.902"/>
  <system-out/>
</testsuite> <!-- pom_testcases.DWS_Vote_Test -->
