<?xml version="1.0" encoding="UTF-8"?>
<!-- Generated by org.testng.reporters.JUnitReportReporter -->
<testsuite hostname="DESKTOP-4JVPPEU" failures="0" tests="7" name="testNG_basics.Working_With_Groups" time="0.087" errors="0" timestamp="2022-11-27T11:51:49 IST" skipped="0">
  <testcase classname="testNG_basics.Working_With_Groups" name="Buy" time="0.007"/>
  <system-out/>
  <testcase classname="testNG_basics.Working_With_Groups" name="Wishlist" time="0.010"/>
  <system-out/>
  <testcase classname="testNG_basics.Working_With_Groups" name="AddToCart" time="0.034"/>
  <system-out/>
  <testcase classname="testNG_basics.Working_With_Groups" name="Logout" time="0.010"/>
  <system-out/>
  <testcase classname="testNG_basics.Working_With_Groups" name="Register" time="0.007"/>
  <system-out/>
  <testcase classname="testNG_basics.Working_With_Groups" name="Login" time="0.010"/>
  <system-out/>
  <testcase classname="testNG_basics.Working_With_Groups" name="search" time="0.009"/>
  <system-out/>
</testsuite> <!-- testNG_basics.Working_With_Groups -->
