<?xml version="1.0" encoding="UTF-8"?>
<!-- Generated by org.testng.reporters.JUnitReportReporter -->
<testsuite hostname="DESKTOP-4JVPPEU" failures="0" tests="2" name="testcases.Login_TC" time="6.885" errors="0" timestamp="2022-11-27T12:15:17 IST" skipped="0">
  <testcase classname="testcases.Login_TC" name="Login" time="3.739"/>
  <system-out/>
  <testcase classname="testcases.Login_TC" name="Login" time="3.146"/>
  <system-out/>
</testsuite> <!-- testcases.Login_TC -->
