<?xml version="1.0" encoding="UTF-8"?>
<!-- Generated by org.testng.reporters.JUnitReportReporter -->
<testsuite hostname="DESKTOP-4JVPPEU" failures="0" tests="1" name="testNG_basics.Working_with_basics" time="16.074" errors="0" timestamp="2022-11-08T13:01:51 IST" skipped="0">
  <testcase classname="testNG_basics.Working_with_basics" name="Demo" time="16.074"/>
  <system-out/>
</testsuite> <!-- testNG_basics.Working_with_basics -->
